#
# A fatal error has been detected by the Java Runtime Environment:
#
#  Internal Error (javaClasses.cpp:136), pid=14412, tid=3060112192
#  fatal error: Invalid layout of preloaded class
#
# JRE version:  (7.0_51) (build )
# Java VM: OpenJDK Server VM (24.45-b08 mixed mode linux-x86 )
# Failed to write core dump. Core dumps have been disabled. To enable core dumping, try "ulimit -c unlimited" before starting Java again
#
# If you would like to submit a bug report, please include
# instructions on how to reproduce the bug and visit:
#   http://icedtea.classpath.org/bugzilla
#

---------------  T H R E A D  ---------------

Current thread (0xb6507800):  JavaThread "Unknown thread" [_thread_in_vm, id=14417, stack(0xb6609000,0xb665a000)]

Stack: [0xb6609000,0xb665a000]

[error occurred during error reporting (printing native stack), id 0xb]


---------------  P R O C E S S  ---------------

Java Threads: ( => current thread )

Other Threads:

=>0xb6507800 (exited) JavaThread "Unknown thread" [_thread_in_vm, id=14417, stack(0xb6609000,0xb665a000)]

VM state:not at safepoint (not fully initialized)

VM Mutex/Monitor currently owned by a thread: None

GC Heap History (0 events):
No events

Deoptimization events (0 events):
No events

Internal exceptions (0 events):
No events

Events (10 events):
Event: 0.646 loading class 0x6ef24670 done
Event: 0.647 loading class 0x6ef24100 done
Event: 0.647 loading class 0x6ef240e0
Event: 0.647 loading class 0x6ef2b370
Event: 0.771 loading class 0x6ef2b370 done
Event: 0.771 loading class 0x6ef2b3a0
Event: 0.772 loading class 0x6ef2b3a0 done
Event: 0.772 loading class 0x6ef2b3d0
Event: 0.772 loading class 0x6ef2b3d0 done
Event: 0.772 loading class 0x6ef240e0 done


Dynamic libraries:
08048000-08049000 r-xp 00000000 08:06 318110     /usr/lib/jvm/java-7-openjdk-i386/jre/bin/java
08049000-0804a000 r--p 00000000 08:06 318110     /usr/lib/jvm/java-7-openjdk-i386/jre/bin/java
0804a000-0804b000 rw-p 00001000 08:06 318110     /usr/lib/jvm/java-7-openjdk-i386/jre/bin/java
096de000-096ff000 rw-p 00000000 00:00 0          [heap]
6c3fb000-6c4d2000 r--s 013fe000 08:07 2510496    /home/sanchitjain/Desktop/adt-bundle-linux-x86-20130522/sdk/platforms/android-19/android.jar
6c4d2000-6eb00000 rw-p 00000000 00:00 0 
6eb00000-6eb21000 rw-p 00000000 00:00 0 
6eb21000-6ec00000 ---p 00000000 00:00 0 
6ec58000-6ec7f000 rw-p 00000000 00:00 0 
6ec7f000-6ec80000 ---p 00000000 00:00 0 
6ec80000-6ed00000 rw-p 00000000 00:00 0 
6ed00000-6ed21000 rw-p 00000000 00:00 0 
6ed21000-6ee00000 ---p 00000000 00:00 0 
6ee00000-6ee21000 rw-p 00000000 00:00 0 
6ee21000-6ef00000 ---p 00000000 00:00 0 
6ef24000-6ef7f000 rw-p 00000000 00:00 0 
6ef7f000-6ef80000 ---p 00000000 00:00 0 
6ef80000-6f000000 rw-p 00000000 00:00 0 
6f000000-6f021000 rw-p 00000000 00:00 0 
6f021000-6f100000 ---p 00000000 00:00 0 
6f104000-6f11e000 rw-p 00000000 00:00 0 
6f11e000-6f11f000 ---p 00000000 00:00 0 
6f11f000-6f19f000 rw-p 00000000 00:00 0 
6f19f000-6f1a0000 ---p 00000000 00:00 0 
6f1a0000-6f228000 rw-p 00000000 00:00 0 
6f228000-6f260000 rw-p 00000000 00:00 0 
6f260000-6f274000 rw-p 00000000 00:00 0 
6f274000-6f3a0000 rw-p 00000000 00:00 0 
6f3a0000-6f3a8000 rw-p 00000000 00:00 0 
6f3a8000-6f3e0000 rw-p 00000000 00:00 0 
6f3e0000-6f3f4000 rw-p 00000000 00:00 0 
6f3f4000-6f51f000 rw-p 00000000 00:00 0 
6f51f000-6f52a000 rw-p 00000000 00:00 0 
6f52a000-6f5bf000 rw-p 00000000 00:00 0 
6f5bf000-705c0000 rw-p 00000000 00:00 0 
705c0000-775c0000 rw-p 00000000 00:00 0 
775c0000-79d80000 rw-p 00000000 00:00 0 
79d80000-9f440000 rw-p 00000000 00:00 0 
9f440000-a0840000 rw-p 00000000 00:00 0 
a0840000-b33c0000 rw-p 00000000 00:00 0 
b33c3000-b33cc000 rw-p 00000000 00:00 0 
b33cc000-b3483000 rw-p 00000000 00:00 0 
b3483000-b36c3000 rwxp 00000000 00:00 0 
b36c3000-b6483000 rw-p 00000000 00:00 0 
b6483000-b648e000 r-xp 00000000 08:06 142664     /lib/i386-linux-gnu/libnss_files-2.15.so
b648e000-b648f000 r--p 0000a000 08:06 142664     /lib/i386-linux-gnu/libnss_files-2.15.so
b648f000-b6490000 rw-p 0000b000 08:06 142664     /lib/i386-linux-gnu/libnss_files-2.15.so
b6490000-b649a000 r-xp 00000000 08:06 142662     /lib/i386-linux-gnu/libnss_nis-2.15.so
b649a000-b649b000 r--p 00009000 08:06 142662     /lib/i386-linux-gnu/libnss_nis-2.15.so
b649b000-b649c000 rw-p 0000a000 08:06 142662     /lib/i386-linux-gnu/libnss_nis-2.15.so
b649c000-b64b2000 r-xp 00000000 08:06 141615     /lib/i386-linux-gnu/libnsl-2.15.so
b64b2000-b64b3000 r--p 00015000 08:06 141615     /lib/i386-linux-gnu/libnsl-2.15.so
b64b3000-b64b4000 rw-p 00016000 08:06 141615     /lib/i386-linux-gnu/libnsl-2.15.so
b64b4000-b64b6000 rw-p 00000000 00:00 0 
b64b6000-b64bd000 r-xp 00000000 08:06 142666     /lib/i386-linux-gnu/libnss_compat-2.15.so
b64bd000-b64be000 r--p 00006000 08:06 142666     /lib/i386-linux-gnu/libnss_compat-2.15.so
b64be000-b64bf000 rw-p 00007000 08:06 142666     /lib/i386-linux-gnu/libnss_compat-2.15.so
b64cd000-b64d5000 r-xp 00000000 08:06 318136     /usr/lib/jvm/java-7-openjdk-i386/jre/lib/i386/libzip.so
b64d5000-b64d6000 r--p 00007000 08:06 318136     /usr/lib/jvm/java-7-openjdk-i386/jre/lib/i386/libzip.so
b64d6000-b64d7000 rw-p 00008000 08:06 318136     /usr/lib/jvm/java-7-openjdk-i386/jre/lib/i386/libzip.so
b64d7000-b64fe000 r-xp 00000000 08:06 318123     /usr/lib/jvm/java-7-openjdk-i386/jre/lib/i386/libjava.so
b64fe000-b64ff000 r--p 00026000 08:06 318123     /usr/lib/jvm/java-7-openjdk-i386/jre/lib/i386/libjava.so
b64ff000-b6500000 rw-p 00027000 08:06 318123     /usr/lib/jvm/java-7-openjdk-i386/jre/lib/i386/libjava.so
b6500000-b654f000 rw-p 00000000 00:00 0 
b654f000-b6600000 ---p 00000000 00:00 0 
b6600000-b6607000 r-xp 00000000 08:06 141637     /lib/i386-linux-gnu/librt-2.15.so
b6607000-b6608000 r--p 00006000 08:06 141637     /lib/i386-linux-gnu/librt-2.15.so
b6608000-b6609000 rw-p 00007000 08:06 141637     /lib/i386-linux-gnu/librt-2.15.so
b6609000-b660c000 ---p 00000000 00:00 0 
b660c000-b665a000 rw-p 00000000 00:00 0 
b665a000-b6676000 r-xp 00000000 08:06 140820     /lib/i386-linux-gnu/libgcc_s.so.1
b6676000-b6677000 r--p 0001b000 08:06 140820     /lib/i386-linux-gnu/libgcc_s.so.1
b6677000-b6678000 rw-p 0001c000 08:06 140820     /lib/i386-linux-gnu/libgcc_s.so.1
b6678000-b66a2000 r-xp 00000000 08:06 142660     /lib/i386-linux-gnu/libm-2.15.so
b66a2000-b66a3000 r--p 00029000 08:06 142660     /lib/i386-linux-gnu/libm-2.15.so
b66a3000-b66a4000 rw-p 0002a000 08:06 142660     /lib/i386-linux-gnu/libm-2.15.so
b66a4000-b677c000 r-xp 00000000 08:06 266152     /usr/lib/i386-linux-gnu/libstdc++.so.6.0.16
b677c000-b677d000 ---p 000d8000 08:06 266152     /usr/lib/i386-linux-gnu/libstdc++.so.6.0.16
b677d000-b6781000 r--p 000d8000 08:06 266152     /usr/lib/i386-linux-gnu/libstdc++.so.6.0.16
b6781000-b6782000 rw-p 000dc000 08:06 266152     /usr/lib/i386-linux-gnu/libstdc++.so.6.0.16
b6782000-b6789000 rw-p 00000000 00:00 0 
b6789000-b712d000 r-xp 00000000 08:06 318144     /usr/lib/jvm/java-7-openjdk-i386/jre/lib/i386/server/libjvm.so
b712d000-b7182000 r--p 009a3000 08:06 318144     /usr/lib/jvm/java-7-openjdk-i386/jre/lib/i386/server/libjvm.so
b7182000-b7196000 rw-p 009f8000 08:06 318144     /usr/lib/jvm/java-7-openjdk-i386/jre/lib/i386/server/libjvm.so
b7196000-b75b4000 rw-p 00000000 00:00 0 
b75b4000-b75c8000 r-xp 00000000 08:06 140786     /lib/i386-linux-gnu/libz.so.1.2.3.4
b75c8000-b75c9000 r--p 00013000 08:06 140786     /lib/i386-linux-gnu/libz.so.1.2.3.4
b75c9000-b75ca000 rw-p 00014000 08:06 140786     /lib/i386-linux-gnu/libz.so.1.2.3.4
b75ca000-b75e1000 r-xp 00000000 08:06 141630     /lib/i386-linux-gnu/libpthread-2.15.so
b75e1000-b75e2000 r--p 00016000 08:06 141630     /lib/i386-linux-gnu/libpthread-2.15.so
b75e2000-b75e3000 rw-p 00017000 08:06 141630     /lib/i386-linux-gnu/libpthread-2.15.so
b75e3000-b75e5000 rw-p 00000000 00:00 0 
b75e5000-b75e8000 r-xp 00000000 08:06 142668     /lib/i386-linux-gnu/libdl-2.15.so
b75e8000-b75e9000 r--p 00002000 08:06 142668     /lib/i386-linux-gnu/libdl-2.15.so
b75e9000-b75ea000 rw-p 00003000 08:06 142668     /lib/i386-linux-gnu/libdl-2.15.so
b75ea000-b778e000 r-xp 00000000 08:06 142671     /lib/i386-linux-gnu/libc-2.15.so
b778e000-b7790000 r--p 001a4000 08:06 142671     /lib/i386-linux-gnu/libc-2.15.so
b7790000-b7791000 rw-p 001a6000 08:06 142671     /lib/i386-linux-gnu/libc-2.15.so
b7791000-b7794000 rw-p 00000000 00:00 0 
b7794000-b779c000 rw-s 00000000 08:06 5647       /tmp/hsperfdata_sanchitjain/14412
b779c000-b779d000 rw-p 00000000 00:00 0 
b779d000-b779e000 r--p 00000000 00:00 0 
b779e000-b77aa000 r-xp 00000000 08:06 318135     /usr/lib/jvm/java-7-openjdk-i386/jre/lib/i386/libverify.so
b77aa000-b77ab000 r--p 0000b000 08:06 318135     /usr/lib/jvm/java-7-openjdk-i386/jre/lib/i386/libverify.so
b77ab000-b77ac000 rw-p 0000c000 08:06 318135     /usr/lib/jvm/java-7-openjdk-i386/jre/lib/i386/libverify.so
b77ac000-b77b9000 r-xp 00000000 08:06 318125     /usr/lib/jvm/java-7-openjdk-i386/jre/lib/i386/jli/libjli.so
b77b9000-b77ba000 r--p 0000c000 08:06 318125     /usr/lib/jvm/java-7-openjdk-i386/jre/lib/i386/jli/libjli.so
b77ba000-b77bb000 rw-p 0000d000 08:06 318125     /usr/lib/jvm/java-7-openjdk-i386/jre/lib/i386/jli/libjli.so
b77bb000-b77be000 rw-p 00000000 00:00 0 
b77be000-b77bf000 r-xp 00000000 00:00 0          [vdso]
b77bf000-b77df000 r-xp 00000000 08:06 141635     /lib/i386-linux-gnu/ld-2.15.so
b77df000-b77e0000 r--p 0001f000 08:06 141635     /lib/i386-linux-gnu/ld-2.15.so
b77e0000-b77e1000 rw-p 00020000 08:06 141635     /lib/i386-linux-gnu/ld-2.15.so
bf902000-bf923000 rw-p 00000000 00:00 0          [stack]

VM Arguments:
jvm_args: -Dfile.encoding=UTF-8 -Xbootclasspath:/home/sanchitjain/Desktop/adt-bundle-linux-x86-20130522/sdk/platforms/android-19/android.jar 
java_command: com.example.ormlite.util.DatabaseConfigUtil
Launcher Type: SUN_STANDARD

Environment Variables:
PATH=/usr/lib/lightdm/lightdm:/usr/local/sbin:/usr/local/bin:/usr/sbin:/usr/bin:/sbin:/bin:/usr/games
LD_LIBRARY_PATH=/usr/lib/jvm/java-7-openjdk-i386/jre/lib/i386/server:/usr/lib/jvm/java-7-openjdk-i386/jre/lib/i386:/usr/lib/jvm/java-7-openjdk-i386/jre/../lib/i386:/usr/lib/jvm/java-7-openjdk-i386/jre/lib/i386/client:/usr/lib/jvm/java-7-openjdk-i386/jre/lib/i386:
SHELL=/bin/bash
DISPLAY=:0.0

Signal Handlers:
SIGSEGV: [libjvm.so+0x7f05f0], sa_mask[0]=0x7ffbfeff, sa_flags=0x10000004
SIGBUS: [libjvm.so+0x7f05f0], sa_mask[0]=0x7ffbfeff, sa_flags=0x10000004
SIGFPE: [libjvm.so+0x65f0c0], sa_mask[0]=0x7ffbfeff, sa_flags=0x10000004
SIGPIPE: [libjvm.so+0x65f0c0], sa_mask[0]=0x7ffbfeff, sa_flags=0x10000004
SIGXFSZ: [libjvm.so+0x65f0c0], sa_mask[0]=0x7ffbfeff, sa_flags=0x10000004
SIGILL: [libjvm.so+0x65f0c0], sa_mask[0]=0x7ffbfeff, sa_flags=0x10000004
SIGUSR1: SIG_DFL, sa_mask[0]=0x00000000, sa_flags=0x00000000
SIGUSR2: [libjvm.so+0x65f400], sa_mask[0]=0x00000004, sa_flags=0x10000004
SIGHUP: SIG_DFL, sa_mask[0]=0x00000000, sa_flags=0x00000000
SIGINT: SIG_DFL, sa_mask[0]=0x00000000, sa_flags=0x00000000
SIGTERM: SIG_DFL, sa_mask[0]=0x00000000, sa_flags=0x00000000
SIGQUIT: SIG_DFL, sa_mask[0]=0x00000000, sa_flags=0x00000000


---------------  S Y S T E M  ---------------

OS:Ubuntu 12.04 (precise)
uname:Linux 3.2.0-59-generic-pae #90-Ubuntu SMP Tue Jan 7 23:07:06 UTC 2014 i686
libc:glibc 2.15 NPTL 2.15 
rlimit: STACK 8192k, CORE 0k, NPROC 30501, NOFILE 4096, AS infinity
load average:0.86 0.74 0.83

/proc/meminfo:
MemTotal:        3918868 kB
MemFree:          248156 kB
Buffers:           21676 kB
Cached:           738760 kB
SwapCached:        59144 kB
Active:          2597692 kB
Inactive:         923396 kB
Active(anon):    2490220 kB
Inactive(anon):   817804 kB
Active(file):     107472 kB
Inactive(file):   105592 kB
Unevictable:          64 kB
Mlocked:              64 kB
HighTotal:       3073764 kB
HighFree:          54328 kB
LowTotal:         845104 kB
LowFree:          193828 kB
SwapTotal:       3998716 kB
SwapFree:        1964172 kB
Dirty:               312 kB
Writeback:             0 kB
AnonPages:       2737460 kB
Mapped:           184824 kB
Shmem:            547284 kB
Slab:              79072 kB
SReclaimable:      42172 kB
SUnreclaim:        36900 kB
KernelStack:        6728 kB
PageTables:        33464 kB
NFS_Unstable:          0 kB
Bounce:                8 kB
WritebackTmp:          0 kB
CommitLimit:     5958148 kB
Committed_AS:   12052244 kB
VmallocTotal:     122880 kB
VmallocUsed:       27428 kB
VmallocChunk:      20160 kB
HardwareCorrupted:     0 kB
AnonHugePages:         0 kB
HugePages_Total:       0
HugePages_Free:        0
HugePages_Rsvd:        0
HugePages_Surp:        0
Hugepagesize:       2048 kB
DirectMap4k:       20472 kB
DirectMap2M:      892928 kB


CPU:total 4 (2 cores per cpu, 2 threads per core) family 6 model 37 stepping 5, cmov, cx8, fxsr, mmx, sse, sse2, sse3, ssse3, sse4.1, sse4.2, popcnt, aes, ht, tsc, tscinvbit

/proc/cpuinfo:
processor	: 0
vendor_id	: GenuineIntel
cpu family	: 6
model		: 37
model name	: Intel(R) Core(TM) i5 CPU         650  @ 3.20GHz
stepping	: 5
microcode	: 0x2
cpu MHz		: 2261.000
cache size	: 4096 KB
physical id	: 0
siblings	: 4
core id		: 0
cpu cores	: 2
apicid		: 0
initial apicid	: 0
fdiv_bug	: no
hlt_bug		: no
f00f_bug	: no
coma_bug	: no
fpu		: yes
fpu_exception	: yes
cpuid level	: 11
wp		: yes
flags		: fpu vme de pse tsc msr pae mce cx8 apic sep mtrr pge mca cmov pat pse36 clflush dts acpi mmx fxsr sse sse2 ss ht tm pbe nx rdtscp lm constant_tsc arch_perfmon pebs bts xtopology nonstop_tsc aperfmperf pni pclmulqdq dtes64 monitor ds_cpl vmx smx est tm2 ssse3 cx16 xtpr pdcm pcid sse4_1 sse4_2 popcnt aes lahf_lm ida arat dtherm tpr_shadow vnmi flexpriority ept vpid
bogomips	: 6384.49
clflush size	: 64
cache_alignment	: 64
address sizes	: 36 bits physical, 48 bits virtual
power management:

processor	: 1
vendor_id	: GenuineIntel
cpu family	: 6
model		: 37
model name	: Intel(R) Core(TM) i5 CPU         650  @ 3.20GHz
stepping	: 5
microcode	: 0x2
cpu MHz		: 2261.000
cache size	: 4096 KB
physical id	: 0
siblings	: 4
core id		: 0
cpu cores	: 2
apicid		: 1
initial apicid	: 1
fdiv_bug	: no
hlt_bug		: no
f00f_bug	: no
coma_bug	: no
fpu		: yes
fpu_exception	: yes
cpuid level	: 11
wp		: yes
flags		: fpu vme de pse tsc msr pae mce cx8 apic sep mtrr pge mca cmov pat pse36 clflush dts acpi mmx fxsr sse sse2 ss ht tm pbe nx rdtscp lm constant_tsc arch_perfmon pebs bts xtopology nonstop_tsc aperfmperf pni pclmulqdq dtes64 monitor ds_cpl vmx smx est tm2 ssse3 cx16 xtpr pdcm pcid sse4_1 sse4_2 popcnt aes lahf_lm ida arat dtherm tpr_shadow vnmi flexpriority ept vpid
bogomips	: 6383.82
clflush size	: 64
cache_alignment	: 64
address sizes	: 36 bits physical, 48 bits virtual
power management:

processor	: 2
vendor_id	: GenuineIntel
cpu family	: 6
model		: 37
model name	: Intel(R) Core(TM) i5 CPU         650  @ 3.20GHz
stepping	: 5
microcode	: 0x2
cpu MHz		: 1197.000
cache size	: 4096 KB
physical id	: 0
siblings	: 4
core id		: 2
cpu cores	: 2
apicid		: 4
initial apicid	: 4
fdiv_bug	: no
hlt_bug		: no
f00f_bug	: no
coma_bug	: no
fpu		: yes
fpu_exception	: yes
cpuid level	: 11
wp		: yes
flags		: fpu vme de pse tsc msr pae mce cx8 apic sep mtrr pge mca cmov pat pse36 clflush dts acpi mmx fxsr sse sse2 ss ht tm pbe nx rdtscp lm constant_tsc arch_perfmon pebs bts xtopology nonstop_tsc aperfmperf pni pclmulqdq dtes64 monitor ds_cpl vmx smx est tm2 ssse3 cx16 xtpr pdcm pcid sse4_1 sse4_2 popcnt aes lahf_lm ida arat dtherm tpr_shadow vnmi flexpriority ept vpid
bogomips	: 6383.86
clflush size	: 64
cache_alignment	: 64
address sizes	: 36 bits physical, 48 bits virtual
power management:

processor	: 3
vendor_id	: GenuineIntel
cpu family	: 6
model		: 37
model name	: Intel(R) Core(TM) i5 CPU         650  @ 3.20GHz
stepping	: 5
microcode	: 0x2
cpu MHz		: 1197.000
cache size	: 4096 KB
physical id	: 0
siblings	: 4
core id		: 2
cpu cores	: 2
apicid		: 5
initial apicid	: 5
fdiv_bug	: no
hlt_bug		: no
f00f_bug	: no
coma_bug	: no
fpu		: yes
fpu_exception	: yes
cpuid level	: 11
wp		: yes
flags		: fpu vme de pse tsc msr pae mce cx8 apic sep mtrr pge mca cmov pat pse36 clflush dts acpi mmx fxsr sse sse2 ss ht tm pbe nx rdtscp lm constant_tsc arch_perfmon pebs bts xtopology nonstop_tsc aperfmperf pni pclmulqdq dtes64 monitor ds_cpl vmx smx est tm2 ssse3 cx16 xtpr pdcm pcid sse4_1 sse4_2 popcnt aes lahf_lm ida arat dtherm tpr_shadow vnmi flexpriority ept vpid
bogomips	: 6383.85
clflush size	: 64
cache_alignment	: 64
address sizes	: 36 bits physical, 48 bits virtual
power management:



Memory: 4k page, physical 3918868k(248156k free), swap 3998716k(1964172k free)

vm_info: OpenJDK Server VM (24.45-b08) for linux-x86 JRE (1.7.0_51-b00), built on Jan 16 2014 18:39:16 by "buildd" with gcc 4.6.3

time: Tue Mar 11 15:31:42 2014
elapsed time: 0 seconds

