#
# A fatal error has been detected by the Java Runtime Environment:
#
#  Internal Error (javaClasses.cpp:136), pid=15061, tid=3059931968
#  fatal error: Invalid layout of preloaded class
#
# JRE version:  (7.0_51) (build )
# Java VM: OpenJDK Server VM (24.45-b08 mixed mode linux-x86 )
# Failed to write core dump. Core dumps have been disabled. To enable core dumping, try "ulimit -c unlimited" before starting Java again
#
# If you would like to submit a bug report, please include
# instructions on how to reproduce the bug and visit:
#   http://icedtea.classpath.org/bugzilla
#

---------------  T H R E A D  ---------------

Current thread (0xb6407800):  JavaThread "Unknown thread" [_thread_in_vm, id=15066, stack(0xb65dd000,0xb662e000)]

Stack: [0xb65dd000,0xb662e000]

[error occurred during error reporting (printing native stack), id 0xb]


---------------  P R O C E S S  ---------------

Java Threads: ( => current thread )

Other Threads:

=>0xb6407800 (exited) JavaThread "Unknown thread" [_thread_in_vm, id=15066, stack(0xb65dd000,0xb662e000)]

VM state:not at safepoint (not fully initialized)

VM Mutex/Monitor currently owned by a thread: None

GC Heap History (0 events):
No events

Deoptimization events (0 events):
No events

Internal exceptions (0 events):
No events

Events (10 events):
Event: 0.005 loading class 0x6ef24670 done
Event: 0.005 loading class 0x6ef24100 done
Event: 0.005 loading class 0x6ef240e0
Event: 0.005 loading class 0x6ef2b370
Event: 0.005 loading class 0x6ef2b370 done
Event: 0.005 loading class 0x6ef2b3a0
Event: 0.005 loading class 0x6ef2b3a0 done
Event: 0.005 loading class 0x6ef2b3d0
Event: 0.005 loading class 0x6ef2b3d0 done
Event: 0.005 loading class 0x6ef240e0 done


Dynamic libraries:
08048000-08049000 r-xp 00000000 08:06 318110     /usr/lib/jvm/java-7-openjdk-i386/jre/bin/java
08049000-0804a000 r--p 00000000 08:06 318110     /usr/lib/jvm/java-7-openjdk-i386/jre/bin/java
0804a000-0804b000 rw-p 00001000 08:06 318110     /usr/lib/jvm/java-7-openjdk-i386/jre/bin/java
08ca4000-08cc5000 rw-p 00000000 00:00 0          [heap]
6c2fb000-6c3d2000 r--s 013fe000 08:07 2510496    /home/sanchitjain/Desktop/adt-bundle-linux-x86-20130522/sdk/platforms/android-19/android.jar
6c3d2000-6ea00000 rw-p 00000000 00:00 0 
6ea00000-6ea21000 rw-p 00000000 00:00 0 
6ea21000-6eb00000 ---p 00000000 00:00 0 
6eb7f000-6eb80000 ---p 00000000 00:00 0 
6eb80000-6ec00000 rw-p 00000000 00:00 0 
6ec00000-6ec21000 rw-p 00000000 00:00 0 
6ec21000-6ed00000 ---p 00000000 00:00 0 
6ed58000-6ed7f000 rw-p 00000000 00:00 0 
6ed7f000-6ed80000 ---p 00000000 00:00 0 
6ed80000-6ee00000 rw-p 00000000 00:00 0 
6ee00000-6ee21000 rw-p 00000000 00:00 0 
6ee21000-6ef00000 ---p 00000000 00:00 0 
6ef24000-6ef7f000 rw-p 00000000 00:00 0 
6ef7f000-6ef80000 ---p 00000000 00:00 0 
6ef80000-6f000000 rw-p 00000000 00:00 0 
6f000000-6f021000 rw-p 00000000 00:00 0 
6f021000-6f100000 ---p 00000000 00:00 0 
6f11f000-6f120000 ---p 00000000 00:00 0 
6f120000-6f1b4000 rw-p 00000000 00:00 0 
6f1b4000-6f2e0000 rw-p 00000000 00:00 0 
6f2e0000-6f2e8000 rw-p 00000000 00:00 0 
6f2e8000-6f320000 rw-p 00000000 00:00 0 
6f320000-6f334000 rw-p 00000000 00:00 0 
6f334000-6f45f000 rw-p 00000000 00:00 0 
6f45f000-6f46a000 rw-p 00000000 00:00 0 
6f46a000-6f4ff000 rw-p 00000000 00:00 0 
6f4ff000-70500000 rw-p 00000000 00:00 0 
70500000-77500000 rw-p 00000000 00:00 0 
77500000-79cc0000 rw-p 00000000 00:00 0 
79cc0000-9f380000 rw-p 00000000 00:00 0 
9f380000-a0780000 rw-p 00000000 00:00 0 
a0780000-b3300000 rw-p 00000000 00:00 0 
b331f000-b3328000 rw-p 00000000 00:00 0 
b3328000-b33df000 rw-p 00000000 00:00 0 
b33df000-b361f000 rwxp 00000000 00:00 0 
b361f000-b63df000 rw-p 00000000 00:00 0 
b63df000-b63e6000 r-xp 00000000 08:06 142666     /lib/i386-linux-gnu/libnss_compat-2.15.so
b63e6000-b63e7000 r--p 00006000 08:06 142666     /lib/i386-linux-gnu/libnss_compat-2.15.so
b63e7000-b63e8000 rw-p 00007000 08:06 142666     /lib/i386-linux-gnu/libnss_compat-2.15.so
b6400000-b644f000 rw-p 00000000 00:00 0 
b644f000-b6500000 ---p 00000000 00:00 0 
b6506000-b6528000 rw-p 00000000 00:00 0 
b6528000-b6560000 rw-p 00000000 00:00 0 
b6560000-b656b000 r-xp 00000000 08:06 142664     /lib/i386-linux-gnu/libnss_files-2.15.so
b656b000-b656c000 r--p 0000a000 08:06 142664     /lib/i386-linux-gnu/libnss_files-2.15.so
b656c000-b656d000 rw-p 0000b000 08:06 142664     /lib/i386-linux-gnu/libnss_files-2.15.so
b656d000-b6577000 r-xp 00000000 08:06 142662     /lib/i386-linux-gnu/libnss_nis-2.15.so
b6577000-b6578000 r--p 00009000 08:06 142662     /lib/i386-linux-gnu/libnss_nis-2.15.so
b6578000-b6579000 rw-p 0000a000 08:06 142662     /lib/i386-linux-gnu/libnss_nis-2.15.so
b6587000-b658f000 r-xp 00000000 08:06 318136     /usr/lib/jvm/java-7-openjdk-i386/jre/lib/i386/libzip.so
b658f000-b6590000 r--p 00007000 08:06 318136     /usr/lib/jvm/java-7-openjdk-i386/jre/lib/i386/libzip.so
b6590000-b6591000 rw-p 00008000 08:06 318136     /usr/lib/jvm/java-7-openjdk-i386/jre/lib/i386/libzip.so
b6591000-b65a7000 r-xp 00000000 08:06 141615     /lib/i386-linux-gnu/libnsl-2.15.so
b65a7000-b65a8000 r--p 00015000 08:06 141615     /lib/i386-linux-gnu/libnsl-2.15.so
b65a8000-b65a9000 rw-p 00016000 08:06 141615     /lib/i386-linux-gnu/libnsl-2.15.so
b65a9000-b65ab000 rw-p 00000000 00:00 0 
b65ab000-b65d2000 r-xp 00000000 08:06 318123     /usr/lib/jvm/java-7-openjdk-i386/jre/lib/i386/libjava.so
b65d2000-b65d3000 r--p 00026000 08:06 318123     /usr/lib/jvm/java-7-openjdk-i386/jre/lib/i386/libjava.so
b65d3000-b65d4000 rw-p 00027000 08:06 318123     /usr/lib/jvm/java-7-openjdk-i386/jre/lib/i386/libjava.so
b65d4000-b65db000 r-xp 00000000 08:06 141637     /lib/i386-linux-gnu/librt-2.15.so
b65db000-b65dc000 r--p 00006000 08:06 141637     /lib/i386-linux-gnu/librt-2.15.so
b65dc000-b65dd000 rw-p 00007000 08:06 141637     /lib/i386-linux-gnu/librt-2.15.so
b65dd000-b65e0000 ---p 00000000 00:00 0 
b65e0000-b662e000 rw-p 00000000 00:00 0 
b662e000-b664a000 r-xp 00000000 08:06 140820     /lib/i386-linux-gnu/libgcc_s.so.1
b664a000-b664b000 r--p 0001b000 08:06 140820     /lib/i386-linux-gnu/libgcc_s.so.1
b664b000-b664c000 rw-p 0001c000 08:06 140820     /lib/i386-linux-gnu/libgcc_s.so.1
b664c000-b6676000 r-xp 00000000 08:06 142660     /lib/i386-linux-gnu/libm-2.15.so
b6676000-b6677000 r--p 00029000 08:06 142660     /lib/i386-linux-gnu/libm-2.15.so
b6677000-b6678000 rw-p 0002a000 08:06 142660     /lib/i386-linux-gnu/libm-2.15.so
b6678000-b6750000 r-xp 00000000 08:06 266152     /usr/lib/i386-linux-gnu/libstdc++.so.6.0.16
b6750000-b6751000 ---p 000d8000 08:06 266152     /usr/lib/i386-linux-gnu/libstdc++.so.6.0.16
b6751000-b6755000 r--p 000d8000 08:06 266152     /usr/lib/i386-linux-gnu/libstdc++.so.6.0.16
b6755000-b6756000 rw-p 000dc000 08:06 266152     /usr/lib/i386-linux-gnu/libstdc++.so.6.0.16
b6756000-b675d000 rw-p 00000000 00:00 0 
b675d000-b7101000 r-xp 00000000 08:06 318144     /usr/lib/jvm/java-7-openjdk-i386/jre/lib/i386/server/libjvm.so
b7101000-b7156000 r--p 009a3000 08:06 318144     /usr/lib/jvm/java-7-openjdk-i386/jre/lib/i386/server/libjvm.so
b7156000-b716a000 rw-p 009f8000 08:06 318144     /usr/lib/jvm/java-7-openjdk-i386/jre/lib/i386/server/libjvm.so
b716a000-b7588000 rw-p 00000000 00:00 0 
b7588000-b759c000 r-xp 00000000 08:06 140786     /lib/i386-linux-gnu/libz.so.1.2.3.4
b759c000-b759d000 r--p 00013000 08:06 140786     /lib/i386-linux-gnu/libz.so.1.2.3.4
b759d000-b759e000 rw-p 00014000 08:06 140786     /lib/i386-linux-gnu/libz.so.1.2.3.4
b759e000-b75b5000 r-xp 00000000 08:06 141630     /lib/i386-linux-gnu/libpthread-2.15.so
b75b5000-b75b6000 r--p 00016000 08:06 141630     /lib/i386-linux-gnu/libpthread-2.15.so
b75b6000-b75b7000 rw-p 00017000 08:06 141630     /lib/i386-linux-gnu/libpthread-2.15.so
b75b7000-b75b9000 rw-p 00000000 00:00 0 
b75b9000-b75bc000 r-xp 00000000 08:06 142668     /lib/i386-linux-gnu/libdl-2.15.so
b75bc000-b75bd000 r--p 00002000 08:06 142668     /lib/i386-linux-gnu/libdl-2.15.so
b75bd000-b75be000 rw-p 00003000 08:06 142668     /lib/i386-linux-gnu/libdl-2.15.so
b75be000-b7762000 r-xp 00000000 08:06 142671     /lib/i386-linux-gnu/libc-2.15.so
b7762000-b7764000 r--p 001a4000 08:06 142671     /lib/i386-linux-gnu/libc-2.15.so
b7764000-b7765000 rw-p 001a6000 08:06 142671     /lib/i386-linux-gnu/libc-2.15.so
b7765000-b7768000 rw-p 00000000 00:00 0 
b7768000-b7770000 rw-s 00000000 08:06 5647       /tmp/hsperfdata_sanchitjain/15061
b7770000-b7771000 rw-p 00000000 00:00 0 
b7771000-b7772000 r--p 00000000 00:00 0 
b7772000-b777e000 r-xp 00000000 08:06 318135     /usr/lib/jvm/java-7-openjdk-i386/jre/lib/i386/libverify.so
b777e000-b777f000 r--p 0000b000 08:06 318135     /usr/lib/jvm/java-7-openjdk-i386/jre/lib/i386/libverify.so
b777f000-b7780000 rw-p 0000c000 08:06 318135     /usr/lib/jvm/java-7-openjdk-i386/jre/lib/i386/libverify.so
b7780000-b778d000 r-xp 00000000 08:06 318125     /usr/lib/jvm/java-7-openjdk-i386/jre/lib/i386/jli/libjli.so
b778d000-b778e000 r--p 0000c000 08:06 318125     /usr/lib/jvm/java-7-openjdk-i386/jre/lib/i386/jli/libjli.so
b778e000-b778f000 rw-p 0000d000 08:06 318125     /usr/lib/jvm/java-7-openjdk-i386/jre/lib/i386/jli/libjli.so
b778f000-b7792000 rw-p 00000000 00:00 0 
b7792000-b7793000 r-xp 00000000 00:00 0          [vdso]
b7793000-b77b3000 r-xp 00000000 08:06 141635     /lib/i386-linux-gnu/ld-2.15.so
b77b3000-b77b4000 r--p 0001f000 08:06 141635     /lib/i386-linux-gnu/ld-2.15.so
b77b4000-b77b5000 rw-p 00020000 08:06 141635     /lib/i386-linux-gnu/ld-2.15.so
bfc07000-bfc28000 rw-p 00000000 00:00 0          [stack]

VM Arguments:
jvm_args: -Dfile.encoding=UTF-8 -Xbootclasspath:/home/sanchitjain/Desktop/adt-bundle-linux-x86-20130522/sdk/platforms/android-19/android.jar 
java_command: com.example.ormlite.util.DatabaseConfigUtil
Launcher Type: SUN_STANDARD

Environment Variables:
PATH=/usr/lib/lightdm/lightdm:/usr/local/sbin:/usr/local/bin:/usr/sbin:/usr/bin:/sbin:/bin:/usr/games
LD_LIBRARY_PATH=/usr/lib/jvm/java-7-openjdk-i386/jre/lib/i386/server:/usr/lib/jvm/java-7-openjdk-i386/jre/lib/i386:/usr/lib/jvm/java-7-openjdk-i386/jre/../lib/i386:/usr/lib/jvm/java-7-openjdk-i386/jre/lib/i386/client:/usr/lib/jvm/java-7-openjdk-i386/jre/lib/i386:
SHELL=/bin/bash
DISPLAY=:0.0

Signal Handlers:
SIGSEGV: [libjvm.so+0x7f05f0], sa_mask[0]=0x7ffbfeff, sa_flags=0x10000004
SIGBUS: [libjvm.so+0x7f05f0], sa_mask[0]=0x7ffbfeff, sa_flags=0x10000004
SIGFPE: [libjvm.so+0x65f0c0], sa_mask[0]=0x7ffbfeff, sa_flags=0x10000004
SIGPIPE: [libjvm.so+0x65f0c0], sa_mask[0]=0x7ffbfeff, sa_flags=0x10000004
SIGXFSZ: [libjvm.so+0x65f0c0], sa_mask[0]=0x7ffbfeff, sa_flags=0x10000004
SIGILL: [libjvm.so+0x65f0c0], sa_mask[0]=0x7ffbfeff, sa_flags=0x10000004
SIGUSR1: SIG_DFL, sa_mask[0]=0x00000000, sa_flags=0x00000000
SIGUSR2: [libjvm.so+0x65f400], sa_mask[0]=0x00000004, sa_flags=0x10000004
SIGHUP: SIG_DFL, sa_mask[0]=0x00000000, sa_flags=0x00000000
SIGINT: SIG_DFL, sa_mask[0]=0x00000000, sa_flags=0x00000000
SIGTERM: SIG_DFL, sa_mask[0]=0x00000000, sa_flags=0x00000000
SIGQUIT: SIG_DFL, sa_mask[0]=0x00000000, sa_flags=0x00000000


---------------  S Y S T E M  ---------------

OS:Ubuntu 12.04 (precise)
uname:Linux 3.2.0-59-generic-pae #90-Ubuntu SMP Tue Jan 7 23:07:06 UTC 2014 i686
libc:glibc 2.15 NPTL 2.15 
rlimit: STACK 8192k, CORE 0k, NPROC 30501, NOFILE 4096, AS infinity
load average:0.75 0.76 0.83

/proc/meminfo:
MemTotal:        3918868 kB
MemFree:          249324 kB
Buffers:           40052 kB
Cached:           728528 kB
SwapCached:        76252 kB
Active:          2603184 kB
Inactive:         918312 kB
Active(anon):    2441268 kB
Inactive(anon):   817368 kB
Active(file):     161916 kB
Inactive(file):   100944 kB
Unevictable:          64 kB
Mlocked:              64 kB
HighTotal:       3073764 kB
HighFree:          71316 kB
LowTotal:         845104 kB
LowFree:          178008 kB
SwapTotal:       3998716 kB
SwapFree:        1900536 kB
Dirty:              6752 kB
Writeback:             0 kB
AnonPages:       2712364 kB
Mapped:           181716 kB
Shmem:            505720 kB
Slab:              78664 kB
SReclaimable:      41680 kB
SUnreclaim:        36984 kB
KernelStack:        6640 kB
PageTables:        33388 kB
NFS_Unstable:          0 kB
Bounce:                0 kB
WritebackTmp:          0 kB
CommitLimit:     5958148 kB
Committed_AS:   12054144 kB
VmallocTotal:     122880 kB
VmallocUsed:       27440 kB
VmallocChunk:      20160 kB
HardwareCorrupted:     0 kB
AnonHugePages:         0 kB
HugePages_Total:       0
HugePages_Free:        0
HugePages_Rsvd:        0
HugePages_Surp:        0
Hugepagesize:       2048 kB
DirectMap4k:       20472 kB
DirectMap2M:      892928 kB


CPU:total 4 (2 cores per cpu, 2 threads per core) family 6 model 37 stepping 5, cmov, cx8, fxsr, mmx, sse, sse2, sse3, ssse3, sse4.1, sse4.2, popcnt, aes, ht, tsc, tscinvbit

/proc/cpuinfo:
processor	: 0
vendor_id	: GenuineIntel
cpu family	: 6
model		: 37
model name	: Intel(R) Core(TM) i5 CPU         650  @ 3.20GHz
stepping	: 5
microcode	: 0x2
cpu MHz		: 2793.000
cache size	: 4096 KB
physical id	: 0
siblings	: 4
core id		: 0
cpu cores	: 2
apicid		: 0
initial apicid	: 0
fdiv_bug	: no
hlt_bug		: no
f00f_bug	: no
coma_bug	: no
fpu		: yes
fpu_exception	: yes
cpuid level	: 11
wp		: yes
flags		: fpu vme de pse tsc msr pae mce cx8 apic sep mtrr pge mca cmov pat pse36 clflush dts acpi mmx fxsr sse sse2 ss ht tm pbe nx rdtscp lm constant_tsc arch_perfmon pebs bts xtopology nonstop_tsc aperfmperf pni pclmulqdq dtes64 monitor ds_cpl vmx smx est tm2 ssse3 cx16 xtpr pdcm pcid sse4_1 sse4_2 popcnt aes lahf_lm ida arat dtherm tpr_shadow vnmi flexpriority ept vpid
bogomips	: 6384.49
clflush size	: 64
cache_alignment	: 64
address sizes	: 36 bits physical, 48 bits virtual
power management:

processor	: 1
vendor_id	: GenuineIntel
cpu family	: 6
model		: 37
model name	: Intel(R) Core(TM) i5 CPU         650  @ 3.20GHz
stepping	: 5
microcode	: 0x2
cpu MHz		: 3193.000
cache size	: 4096 KB
physical id	: 0
siblings	: 4
core id		: 0
cpu cores	: 2
apicid		: 1
initial apicid	: 1
fdiv_bug	: no
hlt_bug		: no
f00f_bug	: no
coma_bug	: no
fpu		: yes
fpu_exception	: yes
cpuid level	: 11
wp		: yes
flags		: fpu vme de pse tsc msr pae mce cx8 apic sep mtrr pge mca cmov pat pse36 clflush dts acpi mmx fxsr sse sse2 ss ht tm pbe nx rdtscp lm constant_tsc arch_perfmon pebs bts xtopology nonstop_tsc aperfmperf pni pclmulqdq dtes64 monitor ds_cpl vmx smx est tm2 ssse3 cx16 xtpr pdcm pcid sse4_1 sse4_2 popcnt aes lahf_lm ida arat dtherm tpr_shadow vnmi flexpriority ept vpid
bogomips	: 6383.82
clflush size	: 64
cache_alignment	: 64
address sizes	: 36 bits physical, 48 bits virtual
power management:

processor	: 2
vendor_id	: GenuineIntel
cpu family	: 6
model		: 37
model name	: Intel(R) Core(TM) i5 CPU         650  @ 3.20GHz
stepping	: 5
microcode	: 0x2
cpu MHz		: 3193.000
cache size	: 4096 KB
physical id	: 0
siblings	: 4
core id		: 2
cpu cores	: 2
apicid		: 4
initial apicid	: 4
fdiv_bug	: no
hlt_bug		: no
f00f_bug	: no
coma_bug	: no
fpu		: yes
fpu_exception	: yes
cpuid level	: 11
wp		: yes
flags		: fpu vme de pse tsc msr pae mce cx8 apic sep mtrr pge mca cmov pat pse36 clflush dts acpi mmx fxsr sse sse2 ss ht tm pbe nx rdtscp lm constant_tsc arch_perfmon pebs bts xtopology nonstop_tsc aperfmperf pni pclmulqdq dtes64 monitor ds_cpl vmx smx est tm2 ssse3 cx16 xtpr pdcm pcid sse4_1 sse4_2 popcnt aes lahf_lm ida arat dtherm tpr_shadow vnmi flexpriority ept vpid
bogomips	: 6383.86
clflush size	: 64
cache_alignment	: 64
address sizes	: 36 bits physical, 48 bits virtual
power management:

processor	: 3
vendor_id	: GenuineIntel
cpu family	: 6
model		: 37
model name	: Intel(R) Core(TM) i5 CPU         650  @ 3.20GHz
stepping	: 5
microcode	: 0x2
cpu MHz		: 3193.000
cache size	: 4096 KB
physical id	: 0
siblings	: 4
core id		: 2
cpu cores	: 2
apicid		: 5
initial apicid	: 5
fdiv_bug	: no
hlt_bug		: no
f00f_bug	: no
coma_bug	: no
fpu		: yes
fpu_exception	: yes
cpuid level	: 11
wp		: yes
flags		: fpu vme de pse tsc msr pae mce cx8 apic sep mtrr pge mca cmov pat pse36 clflush dts acpi mmx fxsr sse sse2 ss ht tm pbe nx rdtscp lm constant_tsc arch_perfmon pebs bts xtopology nonstop_tsc aperfmperf pni pclmulqdq dtes64 monitor ds_cpl vmx smx est tm2 ssse3 cx16 xtpr pdcm pcid sse4_1 sse4_2 popcnt aes lahf_lm ida arat dtherm tpr_shadow vnmi flexpriority ept vpid
bogomips	: 6383.85
clflush size	: 64
cache_alignment	: 64
address sizes	: 36 bits physical, 48 bits virtual
power management:



Memory: 4k page, physical 3918868k(247836k free), swap 3998716k(1900536k free)

vm_info: OpenJDK Server VM (24.45-b08) for linux-x86 JRE (1.7.0_51-b00), built on Jan 16 2014 18:39:16 by "buildd" with gcc 4.6.3

time: Tue Mar 11 15:33:52 2014
elapsed time: 0 seconds

